0 info it worked if it ends with ok
1 verbose cli [ 'C:\\Program Files\\nodejs\\node.exe',
1 verbose cli   'C:\\Program Files\\nodejs\\node_modules\\npm\\bin\\npm-cli.js',
1 verbose cli   'start' ]
2 info using npm@3.10.10
3 info using node@v6.11.2
4 verbose run-script [ 'prestart', 'start', 'poststart' ]
5 info lifecycle treehouse-express-auth@1.0.0~prestart: treehouse-express-auth@1.0.0
6 silly lifecycle treehouse-express-auth@1.0.0~prestart: no script for prestart, continuing
7 info lifecycle treehouse-express-auth@1.0.0~start: treehouse-express-auth@1.0.0
8 verbose lifecycle treehouse-express-auth@1.0.0~start: unsafe-perm in lifecycle true
9 verbose lifecycle treehouse-express-auth@1.0.0~start: PATH: C:\Program Files\nodejs\node_modules\npm\bin\node-gyp-bin;F:\Mean Stack\javascript-authentication-with-express-and-mongo\node_modules\.bin;C:\Python27\;C:\Python27\Scripts;C:\ProgramData\Oracle\Java\javapath;C:\program files\java\jdk1.8.0_102\bin;C:\Program Files (x86)\Intel\iCLS Client\;C:\Program Files\Intel\iCLS Client\;C:\Windows\system32;C:\Windows;C:\Windows\System32\Wbem;C:\Windows\System32\WindowsPowerShell\v1.0\;C:\Program Files (x86)\Intel\Intel(R) Management Engine Components\DAL;C:\Program Files\Intel\Intel(R) Management Engine Components\DAL;C:\Program Files (x86)\Intel\Intel(R) Management Engine Components\IPT;C:\Program Files\Intel\Intel(R) Management Engine Components\IPT;C:\Program Files (x86)\NVIDIA Corporation\PhysX\Common;C:\Program Files\Intel\WiFi\bin\;C:\Program Files\Common Files\Intel\WirelessCommon\;C:\WINDOWS\system32;C:\WINDOWS;C:\WINDOWS\System32\Wbem;C:\WINDOWS\System32\WindowsPowerShell\v1.0\;C:\Program Files (x86)\Windows Kits\10\Windows Performance Toolkit\;c:\users\user\appdata\local\android\sdk\platform-tools;C:\TDM-GCC-64\bin;F:\apache-tomcat-8.5.11\bin;C:\Python27\Lib\site-packages\django\bin\;C:\Program Files\MongoDB\Server\3.4\bin;C:\Program Files\Sublime Text 3;C:\Program Files\nodejs\;C:\Program Files\Git\cmd;C:\Program Files\Git\mingw64\bin;C:\Program Files\Git\usr\bin;C:\Users\user\Anaconda3;C:\Users\user\Anaconda3\Library\mingw-w64\bin;C:\Users\user\Anaconda3\Library\usr\bin;C:\Users\user\Anaconda3\Library\bin;C:\Users\user\Anaconda3\Scripts;C:\Users\user\AppData\Local\Programs\Python\Python36-32\Scripts\;C:\Users\user\AppData\Local\Programs\Python\Python36-32\;C:\Users\user\AppData\Local\Microsoft\WindowsApps;C:\Users\user\AppData\Roaming\npm;C:\Program Files\Heroku\bin;C:\Program Files (x86)\EaseUS\Todo Backup\bin\x64\
10 verbose lifecycle treehouse-express-auth@1.0.0~start: CWD: F:\Mean Stack\javascript-authentication-with-express-and-mongo
11 silly lifecycle treehouse-express-auth@1.0.0~start: Args: [ '/d /s /c', 'node ./app' ]
12 silly lifecycle treehouse-express-auth@1.0.0~start: Returned: code: 3221225786  signal: null
13 info lifecycle treehouse-express-auth@1.0.0~start: Failed to exec start script
14 verbose stack Error: treehouse-express-auth@1.0.0 start: `node ./app`
14 verbose stack Exit status 3221225786
14 verbose stack     at EventEmitter.<anonymous> (C:\Program Files\nodejs\node_modules\npm\lib\utils\lifecycle.js:255:16)
14 verbose stack     at emitTwo (events.js:106:13)
14 verbose stack     at EventEmitter.emit (events.js:191:7)
14 verbose stack     at ChildProcess.<anonymous> (C:\Program Files\nodejs\node_modules\npm\lib\utils\spawn.js:40:14)
14 verbose stack     at emitTwo (events.js:106:13)
14 verbose stack     at ChildProcess.emit (events.js:191:7)
14 verbose stack     at maybeClose (internal/child_process.js:891:16)
14 verbose stack     at Process.ChildProcess._handle.onexit (internal/child_process.js:226:5)
15 verbose pkgid treehouse-express-auth@1.0.0
16 verbose cwd F:\Mean Stack\javascript-authentication-with-express-and-mongo
17 error Windows_NT 10.0.14393
18 error argv "C:\\Program Files\\nodejs\\node.exe" "C:\\Program Files\\nodejs\\node_modules\\npm\\bin\\npm-cli.js" "start"
19 error node v6.11.2
20 error npm  v3.10.10
21 error code ELIFECYCLE
22 error treehouse-express-auth@1.0.0 start: `node ./app`
22 error Exit status 3221225786
23 error Failed at the treehouse-express-auth@1.0.0 start script 'node ./app'.
23 error Make sure you have the latest version of node.js and npm installed.
23 error If you do, this is most likely a problem with the treehouse-express-auth package,
23 error not with npm itself.
23 error Tell the author that this fails on your system:
23 error     node ./app
23 error You can get information on how to open an issue for this project with:
23 error     npm bugs treehouse-express-auth
23 error Or if that isn't available, you can get their info via:
23 error     npm owner ls treehouse-express-auth
23 error There is likely additional logging output above.
24 verbose exit [ 1, true ]
